<?xml version="1.0" encoding="UTF-8"?>
<testng-results ignored="0" total="1" passed="1" failed="0" skipped="0">
  <reporter-output>
  </reporter-output>
  <suite started-at="2024-02-13T16:47:13Z" name="Default suite" finished-at="2024-02-13T16:47:16Z" duration-ms="3721">
    <groups>
    </groups>
    <test started-at="2024-02-13T16:47:13Z" name="Default test" finished-at="2024-02-13T16:47:16Z" duration-ms="3721">
      <class name="AllWorks.AddBookWithFile">
        <test-method signature="Add()[pri:0, instance:AllWorks.AddBookWithFile@14bee915]" started-at="2024-02-13T16:47:13Z" name="Add" finished-at="2024-02-13T16:47:16Z" duration-ms="3685" status="PASS">
          <reporter-output>
          </reporter-output>
        </test-method> <!-- Add -->
      </class> <!-- AllWorks.AddBookWithFile -->
    </test> <!-- Default test -->
  </suite> <!-- Default suite -->
</testng-results>
